2023-02-01 19:01:02,107 - INFO - Start running, host: rares@ethical-puma, work_dir: /home/rares/repos/CenterPoint/work_dirs/nusc_centerpoint_pp_02voxel_two_pfn_10sweep_circular_nms
2023-02-01 19:01:02,108 - INFO - workflow: [('train', 1)], max: 20 epochs
2023-02-01 19:01:11,980 - INFO - Epoch [1/20][5/308]	lr: 0.00010, eta: 3:22:31, time: 1.974, data_time: 1.222, transfer_time: 0.009, forward_time: 0.417, loss_parse_time: 0.000 memory: 5563, 
2023-02-01 19:01:11,980 - INFO - task : ['car'], loss: 12.2598, hm_loss: 3.4884, loc_loss: 35.0856, loc_loss_elem: ['4.3064', '5.2052', '5.0081', '3.5072', '3.7236', '3.4551', '3.7911', '5.9469', '4.0014', '3.9309'], num_positive: 52.6000
2023-02-01 19:01:11,980 - INFO - task : ['truck', 'construction_vehicle'], loss: 26.7137, hm_loss: 10.5078, loc_loss: 64.8237, loc_loss_elem: ['5.9493', '8.0716', '8.7990', '8.7624', '9.7796', '6.1209', '7.5627', '5.5345', '6.8767', '7.8448'], num_positive: 25.2000
2023-02-01 19:01:11,980 - INFO - task : ['bus', 'trailer'], loss: 36.8467, hm_loss: 24.9059, loc_loss: 47.7631, loc_loss_elem: ['4.6978', '5.6817', '6.0087', '5.8052', '6.7354', '4.7982', '7.7345', '5.5962', '5.0300', '6.3399'], num_positive: 25.4000
2023-02-01 19:01:11,980 - INFO - task : ['barrier'], loss: 17.9062, hm_loss: 6.2358, loc_loss: 46.6817, loc_loss_elem: ['5.5580', '6.1178', '6.5310', '3.5947', '4.2618', '3.4542', '5.2582', '3.6577', '10.3907', '4.9903'], num_positive: 33.2000
2023-02-01 19:01:11,980 - INFO - task : ['motorcycle', 'bicycle'], loss: 19.6190, hm_loss: 7.8318, loc_loss: 47.1487, loc_loss_elem: ['6.3778', '4.7526', '6.4731', '6.7632', '7.3433', '4.2824', '5.2240', '5.2515', '4.8101', '4.2511'], num_positive: 38.8000
2023-02-01 19:01:11,980 - INFO - task : ['pedestrian', 'traffic_cone'], loss: 15.9129, hm_loss: 4.4227, loc_loss: 45.9606, loc_loss_elem: ['6.6950', '5.4291', '7.6808', '3.9752', '4.6118', '4.0020', '5.0063', '5.4613', '5.7050', '5.7682'], num_positive: 83.6000

2023-02-01 19:01:14,402 - INFO - Epoch [1/20][10/308]	lr: 0.00010, eta: 2:06:00, time: 0.484, data_time: 0.023, transfer_time: 0.009, forward_time: 0.134, loss_parse_time: 0.000 memory: 5563, 
2023-02-01 19:01:14,402 - INFO - task : ['car'], loss: 10.0892, hm_loss: 3.0204, loc_loss: 28.2752, loc_loss_elem: ['3.2200', '3.3551', '4.4465', '2.7247', '3.1833', '2.8935', '3.4549', '5.1642', '3.4112', '3.3171'], num_positive: 59.2000
2023-02-01 19:01:14,402 - INFO - task : ['truck', 'construction_vehicle'], loss: 19.6241, hm_loss: 7.5547, loc_loss: 48.2777, loc_loss_elem: ['4.1612', '5.4802', '7.9297', '6.9368', '7.6677', '4.7206', '6.2630', '5.2285', '4.4658', '4.6174'], num_positive: 25.2000
2023-02-01 19:01:14,402 - INFO - task : ['bus', 'trailer'], loss: 28.0291, hm_loss: 16.0563, loc_loss: 47.8911, loc_loss_elem: ['4.5163', '7.3533', '6.7799', '4.4290', '5.3400', '6.3340', '6.1834', '5.2061', '5.0978', '5.7629'], num_positive: 22.8000
2023-02-01 19:01:14,402 - INFO - task : ['barrier'], loss: 13.7039, hm_loss: 4.7600, loc_loss: 35.7756, loc_loss_elem: ['4.9620', '4.1039', '5.3155', '3.9385', '2.8288', '2.9622', '4.8455', '3.9298', '6.2802', '3.6292'], num_positive: 34.6000
2023-02-01 19:01:14,402 - INFO - task : ['motorcycle', 'bicycle'], loss: 15.6558, hm_loss: 5.9185, loc_loss: 38.9490, loc_loss_elem: ['5.5160', '3.5516', '5.3717', '5.8534', '5.5777', '3.3341', '4.3448', '4.2951', '4.1698', '3.8467'], num_positive: 39.0000
2023-02-01 19:01:14,402 - INFO - task : ['pedestrian', 'traffic_cone'], loss: 14.4701, hm_loss: 4.0029, loc_loss: 41.8686, loc_loss_elem: ['5.8052', '5.1281', '6.7583', '3.9493', '4.0634', '3.7237', '4.8282', '4.8474', '5.7570', '4.7485'], num_positive: 79.2000

2023-02-01 19:01:16,751 - INFO - Epoch [1/20][15/308]	lr: 0.00010, eta: 1:39:58, time: 0.470, data_time: 0.008, transfer_time: 0.009, forward_time: 0.135, loss_parse_time: 0.000 memory: 5563, 
2023-02-01 19:01:16,752 - INFO - task : ['car'], loss: 9.1781, hm_loss: 3.1895, loc_loss: 23.9544, loc_loss_elem: ['2.9625', '3.1148', '3.8215', '2.3160', '2.7063', '2.1923', '2.7700', '4.0676', '2.5969', '2.8766'], num_positive: 46.0000
2023-02-01 19:01:16,752 - INFO - task : ['truck', 'construction_vehicle'], loss: 15.4950, hm_loss: 5.9080, loc_loss: 38.3482, loc_loss_elem: ['3.6473', '4.4284', '6.1282', '4.2947', '5.7190', '3.8321', '4.6278', '4.0197', '4.2444', '4.3246'], num_positive: 26.8000
2023-02-01 19:01:16,752 - INFO - task : ['bus', 'trailer'], loss: 22.0498, hm_loss: 13.2110, loc_loss: 35.3550, loc_loss_elem: ['4.2332', '4.8412', '5.6802', '3.0667', '3.9660', '3.8026', '4.5719', '3.5256', '4.6028', '3.5426'], num_positive: 20.0000
2023-02-01 19:01:16,752 - INFO - task : ['barrier'], loss: 10.9857, hm_loss: 4.1376, loc_loss: 27.3924, loc_loss_elem: ['3.7073', '3.5152', '3.9419', '2.5446', '2.3028', '2.4358', '3.0350', '2.8702', '4.7981', '2.9657'], num_positive: 36.6000
2023-02-01 19:01:16,752 - INFO - task : ['motorcycle', 'bicycle'], loss: 13.6177, hm_loss: 5.1207, loc_loss: 33.9877, loc_loss_elem: ['3.9988', '3.1039', '5.1387', '4.8752', '4.7733', '3.5489', '4.2636', '3.9709', '3.7948', '3.1072'], num_positive: 39.2000
2023-02-01 19:01:16,752 - INFO - task : ['pedestrian', 'traffic_cone'], loss: 11.4414, hm_loss: 3.3627, loc_loss: 32.3146, loc_loss_elem: ['4.3690', '3.7661', '5.4265', '2.9144', '3.3820', '2.7909', '3.7397', '3.6537', '3.8485', '4.3387'], num_positive: 79.2000

2023-02-01 19:01:19,175 - INFO - Epoch [1/20][20/308]	lr: 0.00010, eta: 1:27:19, time: 0.485, data_time: 0.011, transfer_time: 0.009, forward_time: 0.149, loss_parse_time: 0.000 memory: 5713, 
2023-02-01 19:01:19,175 - INFO - task : ['car'], loss: 8.9232, hm_loss: 3.4311, loc_loss: 21.9686, loc_loss_elem: ['2.1244', '2.5947', '3.8145', '2.4230', '2.7480', '2.1016', '3.2954', '5.5538', '2.3781', '2.0145'], num_positive: 33.6000
2023-02-01 19:01:19,175 - INFO - task : ['truck', 'construction_vehicle'], loss: 13.3650, hm_loss: 4.9434, loc_loss: 33.6866, loc_loss_elem: ['3.2789', '4.4180', '4.8931', '4.2531', '5.5650', '3.0065', '5.0633', '4.5223', '2.9184', '3.4366'], num_positive: 29.6000
2023-02-01 19:01:19,175 - INFO - task : ['bus', 'trailer'], loss: 16.8807, hm_loss: 9.8555, loc_loss: 28.1006, loc_loss_elem: ['3.0316', '4.2641', '4.4083', '2.4613', '3.2633', '2.5624', '3.6999', '3.5907', '3.4767', '3.1747'], num_positive: 19.8000
2023-02-01 19:01:19,175 - INFO - task : ['barrier'], loss: 8.8062, hm_loss: 3.5594, loc_loss: 20.9872, loc_loss_elem: ['2.8127', '2.6058', '3.2865', '1.8564', '1.9920', '1.9759', '2.4418', '2.2655', '3.0215', '2.4948'], num_positive: 58.0000
2023-02-01 19:01:19,175 - INFO - task : ['motorcycle', 'bicycle'], loss: 11.1413, hm_loss: 4.4507, loc_loss: 26.7624, loc_loss_elem: ['3.2014', '2.7591', '3.7401', '3.6238', '3.9731', '2.7888', '3.3424', '3.8106', '2.4335', '2.8120'], num_positive: 41.6000
2023-02-01 19:01:19,175 - INFO - task : ['pedestrian', 'traffic_cone'], loss: 9.8220, hm_loss: 3.3667, loc_loss: 25.8211, loc_loss_elem: ['3.5940', '3.4723', '3.8456', '2.4332', '2.1810', '2.5374', '3.7786', '2.7967', '3.0985', '3.3439'], num_positive: 83.2000

2023-02-01 19:01:21,530 - INFO - Epoch [1/20][25/308]	lr: 0.00010, eta: 1:19:25, time: 0.471, data_time: 0.012, transfer_time: 0.009, forward_time: 0.134, loss_parse_time: 0.000 memory: 5713, 
2023-02-01 19:01:21,530 - INFO - task : ['car'], loss: 7.2811, hm_loss: 2.9310, loc_loss: 17.4006, loc_loss_elem: ['1.8508', '1.9824', '2.9595', '1.8128', '1.9569', '1.7975', '2.5801', '4.3060', '1.6297', '2.0337'], num_positive: 52.8000
2023-02-01 19:01:21,530 - INFO - task : ['truck', 'construction_vehicle'], loss: 10.1961, hm_loss: 4.3892, loc_loss: 23.2273, loc_loss_elem: ['2.5590', '3.0866', '3.8454', '2.3399', '2.7085', '2.2039', '3.4390', '2.5032', '2.3762', '2.9194'], num_positive: 28.2000
2023-02-01 19:01:21,530 - INFO - task : ['bus', 'trailer'], loss: 13.6339, hm_loss: 8.2126, loc_loss: 21.6851, loc_loss_elem: ['2.8338', '2.9378', '3.7717', '1.9579', '2.4156', '1.8723', '2.4732', '2.7165', '2.3044', '2.5536'], num_positive: 19.2000
2023-02-01 19:01:21,530 - INFO - task : ['barrier'], loss: 7.0415, hm_loss: 2.9115, loc_loss: 16.5201, loc_loss_elem: ['2.2698', '1.9719', '2.7120', '1.6529', '1.7509', '1.3602', '2.1331', '1.6601', '2.3039', '1.7400'], num_positive: 45.0000
2023-02-01 19:01:21,530 - INFO - task : ['motorcycle', 'bicycle'], loss: 9.1920, hm_loss: 4.1492, loc_loss: 20.1712, loc_loss_elem: ['2.5800', '1.8842', '3.0192', '2.4367', '2.7116', '1.9403', '2.5536', '2.9610', '1.9076', '2.5887'], num_positive: 40.0000
2023-02-01 19:01:21,530 - INFO - task : ['pedestrian', 'traffic_cone'], loss: 8.6177, hm_loss: 3.1637, loc_loss: 21.8160, loc_loss_elem: ['2.6110', '3.1409', '3.2711', '1.9641', '1.8246', '2.4251', '3.2252', '2.3563', '2.5840', '2.8789'], num_positive: 65.6000

2023-02-01 19:01:23,833 - INFO - Epoch [1/20][30/308]	lr: 0.00010, eta: 1:13:58, time: 0.461, data_time: 0.012, transfer_time: 0.008, forward_time: 0.130, loss_parse_time: 0.000 memory: 5713, 
2023-02-01 19:01:23,833 - INFO - task : ['car'], loss: 6.2535, hm_loss: 2.9381, loc_loss: 13.2614, loc_loss_elem: ['1.3973', '1.6182', '2.1356', '1.4639', '1.5016', '1.2598', '2.2082', '2.6896', '1.4897', '1.4157'], num_positive: 45.8000
2023-02-01 19:01:23,833 - INFO - task : ['truck', 'construction_vehicle'], loss: 9.2391, hm_loss: 4.3150, loc_loss: 19.6962, loc_loss_elem: ['2.0062', '2.0929', '3.4667', '2.6850', '2.3264', '1.6916', '2.9266', '2.6059', '2.1894', '2.1316'], num_positive: 24.4000
2023-02-01 19:01:23,833 - INFO - task : ['bus', 'trailer'], loss: 10.4032, hm_loss: 6.9846, loc_loss: 13.6746, loc_loss_elem: ['1.9173', '1.6534', '2.4736', '1.2590', '1.6572', '1.2005', '1.4069', '1.8663', '1.4898', '1.3691'], num_positive: 19.8000
2023-02-01 19:01:23,833 - INFO - task : ['barrier'], loss: 10.3580, hm_loss: 4.0517, loc_loss: 25.2251, loc_loss_elem: ['3.6872', '2.2359', '3.7507', '2.6328', '2.2794', '2.0095', '3.8007', '1.5476', '4.7805', '2.7795'], num_positive: 29.4000
2023-02-01 19:01:23,833 - INFO - task : ['motorcycle', 'bicycle'], loss: 8.0892, hm_loss: 3.8876, loc_loss: 16.8063, loc_loss_elem: ['2.1752', '1.7337', '2.2994', '1.8858', '1.9644', '1.7758', '2.2449', '2.7927', '1.7545', '2.2100'], num_positive: 39.4000
2023-02-01 19:01:23,833 - INFO - task : ['pedestrian', 'traffic_cone'], loss: 8.0244, hm_loss: 3.8190, loc_loss: 16.8214, loc_loss_elem: ['2.2002', '2.1653', '2.4511', '1.6487', '1.5205', '1.8081', '2.6287', '2.2021', '1.8937', '2.1676'], num_positive: 54.4000

2023-02-01 19:01:26,188 - INFO - Epoch [1/20][35/308]	lr: 0.00010, eta: 1:10:13, time: 0.471, data_time: 0.012, transfer_time: 0.009, forward_time: 0.134, loss_parse_time: 0.000 memory: 5713, 
2023-02-01 19:01:26,188 - INFO - task : ['car'], loss: 5.1169, hm_loss: 2.6252, loc_loss: 9.9668, loc_loss_elem: ['1.0392', '1.2566', '1.4716', '0.9784', '1.1183', '0.9369', '1.5525', '2.9552', '1.0754', '1.1887'], num_positive: 58.8000
2023-02-01 19:01:26,188 - INFO - task : ['truck', 'construction_vehicle'], loss: 8.2257, hm_loss: 3.9166, loc_loss: 17.2362, loc_loss_elem: ['1.4996', '1.7992', '3.5818', '1.7290', '2.1655', '1.4069', '2.7180', '2.7056', '1.8366', '2.1331'], num_positive: 24.8000
2023-02-01 19:01:26,188 - INFO - task : ['bus', 'trailer'], loss: 8.9809, hm_loss: 5.6988, loc_loss: 13.1281, loc_loss_elem: ['1.3832', '1.5175', '2.4736', '1.8319', '1.3538', '1.1188', '2.1352', '1.6098', '1.2279', '1.4725'], num_positive: 22.0000
2023-02-01 19:01:26,188 - INFO - task : ['barrier'], loss: 7.3574, hm_loss: 4.1861, loc_loss: 12.6854, loc_loss_elem: ['1.5988', '1.2652', '2.1578', '1.6187', '1.0781', '1.2382', '1.4256', '1.0872', '1.6829', '1.5430'], num_positive: 33.2000
2023-02-01 19:01:26,188 - INFO - task : ['motorcycle', 'bicycle'], loss: 7.0817, hm_loss: 3.6571, loc_loss: 13.6984, loc_loss_elem: ['1.6037', '1.3779', '2.1478', '1.4998', '1.4142', '1.5272', '1.9686', '2.5438', '1.5154', '1.7099'], num_positive: 37.4000
2023-02-01 19:01:26,188 - INFO - task : ['pedestrian', 'traffic_cone'], loss: 7.9817, hm_loss: 3.1383, loc_loss: 19.3737, loc_loss_elem: ['2.1675', '2.1853', '3.3383', '1.8296', '1.7801', '1.9637', '2.8009', '2.1486', '2.3251', '2.7941'], num_positive: 62.2000

2023-02-01 19:01:28,452 - INFO - Epoch [1/20][40/308]	lr: 0.00010, eta: 1:07:10, time: 0.453, data_time: 0.011, transfer_time: 0.008, forward_time: 0.128, loss_parse_time: 0.000 memory: 5713, 
2023-02-01 19:01:28,452 - INFO - task : ['car'], loss: 5.0076, hm_loss: 2.9560, loc_loss: 8.2064, loc_loss_elem: ['0.7252', '0.8700', '1.5253', '0.6573', '0.8076', '0.5814', '2.3301', '3.0893', '1.0141', '0.9415'], num_positive: 29.2000
2023-02-01 19:01:28,452 - INFO - task : ['truck', 'construction_vehicle'], loss: 6.4245, hm_loss: 3.6154, loc_loss: 11.2364, loc_loss_elem: ['1.0400', '1.1891', '2.2406', '1.0191', '1.2511', '1.0552', '1.7283', '1.3940', '1.3094', '1.5074'], num_positive: 27.6000
2023-02-01 19:01:28,452 - INFO - task : ['bus', 'trailer'], loss: 8.1390, hm_loss: 5.1348, loc_loss: 12.0165, loc_loss_elem: ['1.6555', '1.4845', '2.1373', '1.2777', '1.2549', '1.0412', '1.6807', '1.1896', '1.0365', '1.5549'], num_positive: 21.4000
2023-02-01 19:01:28,452 - INFO - task : ['barrier'], loss: 5.6969, hm_loss: 3.4362, loc_loss: 9.0429, loc_loss_elem: ['0.9350', '0.9930', '1.7307', '1.0553', '0.6492', '0.8465', '1.4559', '0.9283', '1.5377', '0.8186'], num_positive: 44.0000
2023-02-01 19:01:28,452 - INFO - task : ['motorcycle', 'bicycle'], loss: 6.2838, hm_loss: 3.4463, loc_loss: 11.3501, loc_loss_elem: ['1.3477', '0.9814', '2.5278', '1.1061', '1.2674', '0.8547', '1.6962', '2.2089', '1.4115', '1.0724'], num_positive: 38.4000
2023-02-01 19:01:28,452 - INFO - task : ['pedestrian', 'traffic_cone'], loss: 5.4367, hm_loss: 2.9117, loc_loss: 10.0997, loc_loss_elem: ['1.2268', '1.1519', '1.7050', '0.8576', '1.0307', '0.9504', '1.5810', '1.1274', '1.2471', '1.3884'], num_positive: 64.4000

2023-02-01 19:01:30,807 - INFO - Epoch [1/20][45/308]	lr: 0.00010, eta: 1:04:59, time: 0.471, data_time: 0.012, transfer_time: 0.008, forward_time: 0.134, loss_parse_time: 0.000 memory: 5713, 
2023-02-01 19:01:30,807 - INFO - task : ['car'], loss: 4.7732, hm_loss: 2.7600, loc_loss: 8.0528, loc_loss_elem: ['0.7734', '0.7504', '1.6071', '0.7379', '0.9923', '0.5416', '1.7209', '1.5254', '1.0204', '0.9804'], num_positive: 39.8000
2023-02-01 19:01:30,808 - INFO - task : ['truck', 'construction_vehicle'], loss: 5.7114, hm_loss: 3.2465, loc_loss: 9.8594, loc_loss_elem: ['0.9083', '1.1338', '1.9436', '0.7547', '1.1665', '0.8270', '1.5345', '1.2817', '1.1259', '1.4363'], num_positive: 31.0000
2023-02-01 19:01:30,808 - INFO - task : ['bus', 'trailer'], loss: 6.6028, hm_loss: 4.7305, loc_loss: 7.4894, loc_loss_elem: ['0.7315', '0.7955', '1.3521', '0.8658', '1.0334', '0.5266', '1.0345', '0.8061', '0.7957', '1.0206'], num_positive: 19.8000
2023-02-01 19:01:30,808 - INFO - task : ['barrier'], loss: 6.4751, hm_loss: 3.0841, loc_loss: 13.5639, loc_loss_elem: ['2.3946', '1.0823', '2.3705', '1.3612', '0.9187', '0.8497', '1.8174', '1.4598', '2.3307', '1.6008'], num_positive: 58.8000
2023-02-01 19:01:30,808 - INFO - task : ['motorcycle', 'bicycle'], loss: 5.4388, hm_loss: 3.1754, loc_loss: 9.0538, loc_loss_elem: ['0.8809', '0.8671', '1.3911', '0.9181', '0.9005', '0.8556', '1.8834', '2.2927', '1.1932', '1.2121'], num_positive: 39.6000
2023-02-01 19:01:30,808 - INFO - task : ['pedestrian', 'traffic_cone'], loss: 5.3893, hm_loss: 2.6117, loc_loss: 11.1105, loc_loss_elem: ['1.2252', '1.3039', '1.8668', '0.8628', '1.1511', '0.8100', '1.5552', '1.2843', '1.5910', '1.7319'], num_positive: 90.8000

2023-02-01 19:01:33,183 - INFO - Epoch [1/20][50/308]	lr: 0.00010, eta: 1:03:17, time: 0.475, data_time: 0.012, transfer_time: 0.009, forward_time: 0.136, loss_parse_time: 0.000 memory: 5713, 
2023-02-01 19:01:33,183 - INFO - task : ['car'], loss: 4.6298, hm_loss: 2.6331, loc_loss: 7.9866, loc_loss_elem: ['0.6900', '0.7713', '1.4266', '0.6876', '1.3534', '0.5572', '1.3892', '1.7965', '1.0318', '0.8317'], num_positive: 63.6000
2023-02-01 19:01:33,183 - INFO - task : ['truck', 'construction_vehicle'], loss: 4.9986, hm_loss: 3.2780, loc_loss: 6.8827, loc_loss_elem: ['0.5589', '0.7793', '1.6019', '0.7297', '0.6874', '0.4627', '0.8129', '0.7632', '0.9191', '0.8285'], num_positive: 29.0000
2023-02-01 19:01:33,183 - INFO - task : ['bus', 'trailer'], loss: 5.8829, hm_loss: 4.1793, loc_loss: 6.8147, loc_loss_elem: ['0.6438', '0.6743', '1.2384', '0.8135', '0.9332', '0.5722', '0.7828', '0.7314', '0.6208', '1.0157'], num_positive: 21.6000
2023-02-01 19:01:33,184 - INFO - task : ['barrier'], loss: 4.4512, hm_loss: 3.0113, loc_loss: 5.7595, loc_loss_elem: ['0.5228', '0.5411', '1.2627', '0.5110', '0.3973', '0.4034', '0.6093', '0.5224', '1.0683', '0.8266'], num_positive: 48.4000
2023-02-01 19:01:33,184 - INFO - task : ['motorcycle', 'bicycle'], loss: 5.0496, hm_loss: 3.1381, loc_loss: 7.6460, loc_loss_elem: ['0.5964', '0.7570', '1.6438', '0.5481', '0.6383', '0.6680', '1.7858', '2.1017', '1.0901', '0.9268'], num_positive: 37.6000
2023-02-01 19:01:33,184 - INFO - task : ['pedestrian', 'traffic_cone'], loss: 4.9372, hm_loss: 2.9946, loc_loss: 7.7706, loc_loss_elem: ['0.7373', '0.7252', '1.5190', '0.6551', '0.7394', '0.7000', '1.1459', '1.0006', '0.9966', '1.2687'], num_positive: 75.0000

